<?xml version="1.0" encoding="UTF-8"?>
<testng-results ignored="0" total="1" passed="1" failed="0" skipped="0">
  <reporter-output>
  </reporter-output>
  <suite started-at="2022-05-04T16:22:34 IST" name="Default suite" finished-at="2022-05-04T16:22:43 IST" duration-ms="8458">
    <groups>
    </groups>
    <test started-at="2022-05-04T16:22:34 IST" name="Default test" finished-at="2022-05-04T16:22:43 IST" duration-ms="8458">
      <class name="Test.Zeroda">
        <test-method is-config="true" signature="callbrowser()[pri:0, instance:Test.Zeroda@3e6ef8ad]" started-at="2022-05-04T16:22:34 IST" name="callbrowser" finished-at="2022-05-04T16:22:41 IST" duration-ms="6862" status="PASS">
          <reporter-output>
          </reporter-output>
        </test-method> <!-- callbrowser -->
        <test-method signature="testing1()[pri:0, instance:Test.Zeroda@3e6ef8ad]" started-at="2022-05-04T16:22:41 IST" name="testing1" finished-at="2022-05-04T16:22:43 IST" duration-ms="1543" status="PASS">
          <reporter-output>
          </reporter-output>
        </test-method> <!-- testing1 -->
      </class> <!-- Test.Zeroda -->
    </test> <!-- Default test -->
  </suite> <!-- Default suite -->
</testng-results>
